2026-03-26 16:49:47 : Timer stopped.
2026-03-26 16:49:50 : Timer started. End: 2026/03/26 16:59:00  Action: This device will shut down soon...
2026-03-26 16:55:30 : Timer stopped.
2026-03-26 16:55:34 : Timer started. End: 2026/03/26 16:56:00  Action: This device will shut down soon...
2026-03-26 16:56:00 : Action executing: This device will shut down soon...
2026-03-26 17:32:40 : App started.  Virtual screen: 3840x1200 @ (-1920,0)
2026-03-26 17:32:54 : Timer started. End: 2026/03/26 17:35:00  Action: This device will shut down soon...
2026-03-26 17:35:00 : Action executing: This device will shut down soon...
2026-03-27 08:45:51 : App started.  Virtual screen: 3840x1200 @ (-1920,0)
2026-03-27 08:46:02 : Timer started. End: 2026/03/27 16:58:00  Action: This device will shut down soon...
2026-03-27 09:45:03 : App started.  Virtual screen: 3840x1200 @ (-1920,0)
2026-03-27 09:45:05 : App closed – duplicate instance.
2026-03-27 12:22:05 : Timer stopped.
2026-03-27 13:35:23 : Timer started. End: 2026/03/27 16:58:00  Action: The timer will stop soon...
2026-03-27 16:50:19 : App started.  Virtual screen: 3840x1200 @ (-1920,0)
2026-03-27 16:50:24 : Timer started. End: 2026/03/27 16:58:00  Action: This device will shut down soon...
2026-03-27 16:58:00 : Action executing: This device will shut down soon...
2026-03-30 08:47:35 : App started.  Virtual screen: 3840x1200 @ (-1920,0)
2026-03-30 08:47:37 : Timer started. End: 2026/03/30 16:58:00  Action: This device will shut down soon...
2026-03-30 12:15:54 : Timer stopped.
2026-03-30 13:07:57 : Timer started. End: 2026/03/30 16:58:00  Action: The timer will stop soon...
2026-03-30 15:50:13 : App started.  Virtual screen: 3840x1200 @ (-1920,0)
2026-03-30 15:50:23 : Timer started. End: 2026/03/30 15:51:23  Action: This device will shut down soon...
2026-03-30 15:51:23 : Action executing: The timer will stop soon...
2026-03-30 15:51:23 : Timer stopped.
2026-03-30 15:51:32 : Timer started. End: 2026/03/30 16:59:00  Action: The timer will stop soon...
2026-03-30 15:51:36 : Timer stopped.
2026-03-30 15:51:37 : App closed by user.
2026-03-30 15:53:00 : App started.  Virtual screen: 3840x1200 @ (-1920,0)
2026-03-30 15:53:13 : Timer started. End: 2026/03/30 15:54:13  Action: The timer will stop soon...
2026-03-30 15:54:13 : Action executing: The timer will stop soon...
2026-03-30 15:54:13 : Timer stopped.
2026-03-30 15:54:19 : App closed by user.
2026-03-30 15:58:34 : App started.  Virtual screen: 3840x1200 @ (-1920,0)
2026-03-30 15:58:36 : App closed by user.
2026-03-30 15:59:13 : App started.  Virtual screen: 3840x1200 @ (-1920,0)
2026-03-30 15:59:26 : Timer started. End: 2026/03/30 16:00:26  Action: The timer will stop soon...
2026-03-30 16:00:26 : Action executing: The timer will stop soon...
2026-03-30 16:00:26 : Timer stopped.
2026-03-30 16:00:30 : App closed by user.
2026-03-30 16:05:40 : App started.  Virtual screen: 3840x1200 @ (-1920,0)
2026-03-30 16:05:51 : Timer started. End: 2026/03/30 16:06:51  Action: This application will close soon...
2026-03-30 16:06:51 : Action executing: This application will close soon...
2026-03-30 16:06:51 : App closed by user.
2026-03-30 16:08:21 : App started.  Virtual screen: 3840x1200 @ (-1920,0)
2026-03-30 16:08:24 : App closed by user.
2026-03-30 16:08:27 : App started.  Virtual screen: 3840x1200 @ (-1920,0)
2026-03-30 16:08:29 : Timer started. End: 2026/03/30 16:09:29  Action: This application will close soon...
2026-03-30 16:09:29 : Action executing: The timer will stop soon...
2026-03-30 16:09:29 : Timer stopped.
2026-03-30 16:09:37 : App closed by user.
2026-03-30 16:10:01 : App started.  Virtual screen: 3840x1200 @ (-1920,0)
2026-03-30 16:10:04 : App closed by user.
2026-03-30 16:34:11 : App started.  Virtual screen: 3840x1200 @ (-1920,0)
2026-03-30 16:34:15 : Timer started. End: 2026/03/30 16:35:15  Action: The timer will stop soon...
2026-03-30 16:35:15 : Action executing: The timer will stop soon...
2026-03-30 16:35:15 : Timer stopped.
2026-03-30 16:35:17 : App closed by user.
2026-03-30 16:38:22 : App started.  Virtual screen: 3840x1200 @ (-1920,0)
2026-03-30 16:38:29 : Timer started. End: 2026/03/30 16:39:29  Action: The timer will stop soon...
2026-03-30 16:39:29 : Action executing: The timer will stop soon...
2026-03-30 16:39:29 : Timer stopped.
2026-03-30 16:39:38 : App closed by user.
2026-03-30 16:44:33 : App started.  Virtual screen: 3840x1200 @ (-1920,0)
2026-03-30 16:44:39 : Timer started. End: 2026/03/30 16:45:39  Action: The timer will stop soon...
2026-03-30 16:45:39 : Action executing: The timer will stop soon...
2026-03-30 16:45:39 : Timer stopped.
2026-03-30 16:45:41 : Timer started. End: 2026/03/30 16:46:41  Action: The timer will stop soon...
2026-03-30 16:46:14 : Timer stopped.
2026-03-30 16:46:22 : Timer started. End: 2026/03/30 16:59:00  Action: The timer will stop soon...
2026-03-30 16:47:00 : App closed by user.
2026-03-30 16:47:07 : App started.  Virtual screen: 3840x1200 @ (-1920,0)
2026-03-30 16:47:14 : Timer started. End: 2026/03/30 16:59:00  Action: The timer will stop soon...
2026-03-30 16:48:52 : App closed by user.
